Command: vcs +v2k -full64 -sverilog -timescale=1ns/1ns +plusarg_save -debug_access+all \
+notimingchek +nospecif -P /opt/synopsys/verdi/share/PLI/VCS/LINUX64/novas.tab /opt/synopsys/verdi/share/PLI/VCS/LINUX64/pli.a \
/opt/uvm-1.2/src/dpi/uvm_dpi.cc -CFLAGS -DVCS +incdir+/opt/uvm-1.2/src /opt/uvm-1.2/src/uvm.sv \
-l vcs_comp.log +vcs+lic+waity +lint=TFIPC-L -top tb -f ../filelist/rtl_list.f -f \
../filelist/tb_list.f
                         Chronologic VCS (TM)
       Version M-2017.03-SP2_Full64 -- Sat Nov  4 22:51:33 2023
               Copyright (c) 1991-2017 by Synopsys Inc.
                         ALL RIGHTS RESERVED

This program is proprietary and confidential information of Synopsys Inc.
and may be used and disclosed only as authorized in a license agreement
controlling such use and disclosure.

Parsing design file '/opt/uvm-1.2/src/uvm.sv'
Parsing included file '/opt/uvm-1.2/src/uvm_pkg.sv'.
Parsing included file '/opt/uvm-1.2/src/uvm_macros.svh'.
Parsing included file '/opt/uvm-1.2/src/macros/uvm_version_defines.svh'.
Back to file '/opt/uvm-1.2/src/uvm_macros.svh'.
Parsing included file '/opt/uvm-1.2/src/macros/uvm_global_defines.svh'.
Back to file '/opt/uvm-1.2/src/uvm_macros.svh'.
Parsing included file '/opt/uvm-1.2/src/macros/uvm_message_defines.svh'.
Back to file '/opt/uvm-1.2/src/uvm_macros.svh'.
Parsing included file '/opt/uvm-1.2/src/macros/uvm_phase_defines.svh'.
Back to file '/opt/uvm-1.2/src/uvm_macros.svh'.
Parsing included file '/opt/uvm-1.2/src/macros/uvm_object_defines.svh'.
Back to file '/opt/uvm-1.2/src/uvm_macros.svh'.
Parsing included file '/opt/uvm-1.2/src/macros/uvm_printer_defines.svh'.
Back to file '/opt/uvm-1.2/src/uvm_macros.svh'.
Parsing included file '/opt/uvm-1.2/src/macros/uvm_tlm_defines.svh'.
Parsing included file '/opt/uvm-1.2/src/tlm1/uvm_tlm_imps.svh'.
Back to file '/opt/uvm-1.2/src/macros/uvm_tlm_defines.svh'.
Back to file '/opt/uvm-1.2/src/uvm_macros.svh'.
Parsing included file '/opt/uvm-1.2/src/macros/uvm_sequence_defines.svh'.
Back to file '/opt/uvm-1.2/src/uvm_macros.svh'.
Parsing included file '/opt/uvm-1.2/src/macros/uvm_callback_defines.svh'.
Back to file '/opt/uvm-1.2/src/uvm_macros.svh'.
Parsing included file '/opt/uvm-1.2/src/macros/uvm_reg_defines.svh'.
Back to file '/opt/uvm-1.2/src/uvm_macros.svh'.
Parsing included file '/opt/uvm-1.2/src/macros/uvm_deprecated_defines.svh'.
Back to file '/opt/uvm-1.2/src/uvm_macros.svh'.
Back to file '/opt/uvm-1.2/src/uvm_pkg.sv'.
Parsing included file '/opt/uvm-1.2/src/dpi/uvm_dpi.svh'.
Parsing included file '/opt/uvm-1.2/src/dpi/uvm_hdl.svh'.
Back to file '/opt/uvm-1.2/src/dpi/uvm_dpi.svh'.
Parsing included file '/opt/uvm-1.2/src/dpi/uvm_svcmd_dpi.svh'.
Back to file '/opt/uvm-1.2/src/dpi/uvm_dpi.svh'.
Parsing included file '/opt/uvm-1.2/src/dpi/uvm_regex.svh'.
Back to file '/opt/uvm-1.2/src/dpi/uvm_dpi.svh'.
Back to file '/opt/uvm-1.2/src/uvm_pkg.sv'.
Parsing included file '/opt/uvm-1.2/src/base/uvm_base.svh'.
Parsing included file '/opt/uvm-1.2/src/base/uvm_coreservice.svh'.
Back to file '/opt/uvm-1.2/src/base/uvm_base.svh'.
Parsing included file '/opt/uvm-1.2/src/base/uvm_version.svh'.
Back to file '/opt/uvm-1.2/src/base/uvm_base.svh'.
Parsing included file '/opt/uvm-1.2/src/base/uvm_object_globals.svh'.
Back to file '/opt/uvm-1.2/src/base/uvm_base.svh'.
Parsing included file '/opt/uvm-1.2/src/base/uvm_misc.svh'.
Back to file '/opt/uvm-1.2/src/base/uvm_base.svh'.
Parsing included file '/opt/uvm-1.2/src/base/uvm_object.svh'.
Back to file '/opt/uvm-1.2/src/base/uvm_base.svh'.
Parsing included file '/opt/uvm-1.2/src/base/uvm_pool.svh'.
Back to file '/opt/uvm-1.2/src/base/uvm_base.svh'.
Parsing included file '/opt/uvm-1.2/src/base/uvm_queue.svh'.
Back to file '/opt/uvm-1.2/src/base/uvm_base.svh'.
Parsing included file '/opt/uvm-1.2/src/base/uvm_factory.svh'.
Back to file '/opt/uvm-1.2/src/base/uvm_base.svh'.
Parsing included file '/opt/uvm-1.2/src/base/uvm_registry.svh'.
Back to file '/opt/uvm-1.2/src/base/uvm_base.svh'.
Parsing included file '/opt/uvm-1.2/src/base/uvm_spell_chkr.svh'.
Back to file '/opt/uvm-1.2/src/base/uvm_base.svh'.
Parsing included file '/opt/uvm-1.2/src/base/uvm_resource.svh'.
Back to file '/opt/uvm-1.2/src/base/uvm_base.svh'.
Parsing included file '/opt/uvm-1.2/src/base/uvm_resource_specializations.svh'.
Back to file '/opt/uvm-1.2/src/base/uvm_base.svh'.
Parsing included file '/opt/uvm-1.2/src/base/uvm_resource_db.svh'.
Back to file '/opt/uvm-1.2/src/base/uvm_base.svh'.
Parsing included file '/opt/uvm-1.2/src/base/uvm_config_db.svh'.
Back to file '/opt/uvm-1.2/src/base/uvm_base.svh'.
Parsing included file '/opt/uvm-1.2/src/base/uvm_printer.svh'.
Back to file '/opt/uvm-1.2/src/base/uvm_base.svh'.
Parsing included file '/opt/uvm-1.2/src/base/uvm_comparer.svh'.
Back to file '/opt/uvm-1.2/src/base/uvm_base.svh'.
Parsing included file '/opt/uvm-1.2/src/base/uvm_packer.svh'.
Back to file '/opt/uvm-1.2/src/base/uvm_base.svh'.
Parsing included file '/opt/uvm-1.2/src/base/uvm_links.svh'.
Back to file '/opt/uvm-1.2/src/base/uvm_base.svh'.
Parsing included file '/opt/uvm-1.2/src/base/uvm_tr_database.svh'.
Back to file '/opt/uvm-1.2/src/base/uvm_base.svh'.
Parsing included file '/opt/uvm-1.2/src/base/uvm_tr_stream.svh'.
Back to file '/opt/uvm-1.2/src/base/uvm_base.svh'.
Parsing included file '/opt/uvm-1.2/src/base/uvm_recorder.svh'.
Back to file '/opt/uvm-1.2/src/base/uvm_base.svh'.
Parsing included file '/opt/uvm-1.2/src/base/uvm_event_callback.svh'.
Back to file '/opt/uvm-1.2/src/base/uvm_base.svh'.
Parsing included file '/opt/uvm-1.2/src/base/uvm_event.svh'.
Back to file '/opt/uvm-1.2/src/base/uvm_base.svh'.
Parsing included file '/opt/uvm-1.2/src/base/uvm_barrier.svh'.
Back to file '/opt/uvm-1.2/src/base/uvm_base.svh'.
Parsing included file '/opt/uvm-1.2/src/base/uvm_callback.svh'.
Parsing included file '/opt/uvm-1.2/src/uvm_macros.svh'.
Back to file '/opt/uvm-1.2/src/base/uvm_callback.svh'.
Back to file '/opt/uvm-1.2/src/base/uvm_base.svh'.
Parsing included file '/opt/uvm-1.2/src/base/uvm_report_message.svh'.
Back to file '/opt/uvm-1.2/src/base/uvm_base.svh'.
Parsing included file '/opt/uvm-1.2/src/base/uvm_report_catcher.svh'.
Back to file '/opt/uvm-1.2/src/base/uvm_base.svh'.
Parsing included file '/opt/uvm-1.2/src/base/uvm_report_server.svh'.
Back to file '/opt/uvm-1.2/src/base/uvm_base.svh'.
Parsing included file '/opt/uvm-1.2/src/base/uvm_report_handler.svh'.
Back to file '/opt/uvm-1.2/src/base/uvm_base.svh'.
Parsing included file '/opt/uvm-1.2/src/base/uvm_report_object.svh'.
Back to file '/opt/uvm-1.2/src/base/uvm_base.svh'.
Parsing included file '/opt/uvm-1.2/src/base/uvm_transaction.svh'.
Back to file '/opt/uvm-1.2/src/base/uvm_base.svh'.
Parsing included file '/opt/uvm-1.2/src/base/uvm_phase.svh'.
Back to file '/opt/uvm-1.2/src/base/uvm_base.svh'.
Parsing included file '/opt/uvm-1.2/src/base/uvm_domain.svh'.
Back to file '/opt/uvm-1.2/src/base/uvm_base.svh'.
Parsing included file '/opt/uvm-1.2/src/base/uvm_bottomup_phase.svh'.
Back to file '/opt/uvm-1.2/src/base/uvm_base.svh'.
Parsing included file '/opt/uvm-1.2/src/base/uvm_topdown_phase.svh'.
Back to file '/opt/uvm-1.2/src/base/uvm_base.svh'.
Parsing included file '/opt/uvm-1.2/src/base/uvm_task_phase.svh'.
Back to file '/opt/uvm-1.2/src/base/uvm_base.svh'.
Parsing included file '/opt/uvm-1.2/src/base/uvm_common_phases.svh'.
Back to file '/opt/uvm-1.2/src/base/uvm_base.svh'.
Parsing included file '/opt/uvm-1.2/src/base/uvm_runtime_phases.svh'.
Back to file '/opt/uvm-1.2/src/base/uvm_base.svh'.
Parsing included file '/opt/uvm-1.2/src/base/uvm_component.svh'.
Parsing included file '/opt/uvm-1.2/src/base/uvm_root.svh'.
Back to file '/opt/uvm-1.2/src/base/uvm_component.svh'.
Back to file '/opt/uvm-1.2/src/base/uvm_base.svh'.
Parsing included file '/opt/uvm-1.2/src/base/uvm_objection.svh'.
Back to file '/opt/uvm-1.2/src/base/uvm_base.svh'.
Parsing included file '/opt/uvm-1.2/src/base/uvm_heartbeat.svh'.
Back to file '/opt/uvm-1.2/src/base/uvm_base.svh'.
Parsing included file '/opt/uvm-1.2/src/base/uvm_globals.svh'.
Back to file '/opt/uvm-1.2/src/base/uvm_base.svh'.
Parsing included file '/opt/uvm-1.2/src/base/uvm_cmdline_processor.svh'.
Back to file '/opt/uvm-1.2/src/base/uvm_base.svh'.
Parsing included file '/opt/uvm-1.2/src/base/uvm_traversal.svh'.
Back to file '/opt/uvm-1.2/src/base/uvm_base.svh'.
Back to file '/opt/uvm-1.2/src/uvm_pkg.sv'.
Parsing included file '/opt/uvm-1.2/src/dap/uvm_dap.svh'.
Parsing included file '/opt/uvm-1.2/src/dap/uvm_set_get_dap_base.svh'.
Back to file '/opt/uvm-1.2/src/dap/uvm_dap.svh'.
Parsing included file '/opt/uvm-1.2/src/dap/uvm_simple_lock_dap.svh'.
Back to file '/opt/uvm-1.2/src/dap/uvm_dap.svh'.
Parsing included file '/opt/uvm-1.2/src/dap/uvm_get_to_lock_dap.svh'.
Back to file '/opt/uvm-1.2/src/dap/uvm_dap.svh'.
Parsing included file '/opt/uvm-1.2/src/dap/uvm_set_before_get_dap.svh'.
Back to file '/opt/uvm-1.2/src/dap/uvm_dap.svh'.
Back to file '/opt/uvm-1.2/src/uvm_pkg.sv'.
Parsing included file '/opt/uvm-1.2/src/tlm1/uvm_tlm.svh'.
Parsing included file '/opt/uvm-1.2/src/tlm1/uvm_tlm_ifs.svh'.
Back to file '/opt/uvm-1.2/src/tlm1/uvm_tlm.svh'.
Parsing included file '/opt/uvm-1.2/src/tlm1/uvm_sqr_ifs.svh'.
Back to file '/opt/uvm-1.2/src/tlm1/uvm_tlm.svh'.
Parsing included file '/opt/uvm-1.2/src/base/uvm_port_base.svh'.
Back to file '/opt/uvm-1.2/src/tlm1/uvm_tlm.svh'.
Parsing included file '/opt/uvm-1.2/src/tlm1/uvm_tlm_imps.svh'.
Back to file '/opt/uvm-1.2/src/tlm1/uvm_tlm.svh'.
Parsing included file '/opt/uvm-1.2/src/tlm1/uvm_imps.svh'.
Back to file '/opt/uvm-1.2/src/tlm1/uvm_tlm.svh'.
Parsing included file '/opt/uvm-1.2/src/tlm1/uvm_ports.svh'.
Back to file '/opt/uvm-1.2/src/tlm1/uvm_tlm.svh'.
Parsing included file '/opt/uvm-1.2/src/tlm1/uvm_exports.svh'.
Back to file '/opt/uvm-1.2/src/tlm1/uvm_tlm.svh'.
Parsing included file '/opt/uvm-1.2/src/tlm1/uvm_analysis_port.svh'.
Back to file '/opt/uvm-1.2/src/tlm1/uvm_tlm.svh'.
Parsing included file '/opt/uvm-1.2/src/tlm1/uvm_tlm_fifo_base.svh'.
Back to file '/opt/uvm-1.2/src/tlm1/uvm_tlm.svh'.
Parsing included file '/opt/uvm-1.2/src/tlm1/uvm_tlm_fifos.svh'.
Back to file '/opt/uvm-1.2/src/tlm1/uvm_tlm.svh'.
Parsing included file '/opt/uvm-1.2/src/tlm1/uvm_tlm_req_rsp.svh'.
Back to file '/opt/uvm-1.2/src/tlm1/uvm_tlm.svh'.
Parsing included file '/opt/uvm-1.2/src/tlm1/uvm_sqr_connections.svh'.
Back to file '/opt/uvm-1.2/src/tlm1/uvm_tlm.svh'.
Back to file '/opt/uvm-1.2/src/uvm_pkg.sv'.
Parsing included file '/opt/uvm-1.2/src/comps/uvm_comps.svh'.
Parsing included file '/opt/uvm-1.2/src/comps/uvm_pair.svh'.
Back to file '/opt/uvm-1.2/src/comps/uvm_comps.svh'.
Parsing included file '/opt/uvm-1.2/src/comps/uvm_policies.svh'.
Back to file '/opt/uvm-1.2/src/comps/uvm_comps.svh'.
Parsing included file '/opt/uvm-1.2/src/comps/uvm_in_order_comparator.svh'.
Back to file '/opt/uvm-1.2/src/comps/uvm_comps.svh'.
Parsing included file '/opt/uvm-1.2/src/comps/uvm_algorithmic_comparator.svh'.
Back to file '/opt/uvm-1.2/src/comps/uvm_comps.svh'.
Parsing included file '/opt/uvm-1.2/src/comps/uvm_random_stimulus.svh'.
Back to file '/opt/uvm-1.2/src/comps/uvm_comps.svh'.
Parsing included file '/opt/uvm-1.2/src/comps/uvm_subscriber.svh'.
Back to file '/opt/uvm-1.2/src/comps/uvm_comps.svh'.
Parsing included file '/opt/uvm-1.2/src/comps/uvm_monitor.svh'.
Back to file '/opt/uvm-1.2/src/comps/uvm_comps.svh'.
Parsing included file '/opt/uvm-1.2/src/comps/uvm_driver.svh'.
Back to file '/opt/uvm-1.2/src/comps/uvm_comps.svh'.
Parsing included file '/opt/uvm-1.2/src/comps/uvm_push_driver.svh'.
Back to file '/opt/uvm-1.2/src/comps/uvm_comps.svh'.
Parsing included file '/opt/uvm-1.2/src/comps/uvm_scoreboard.svh'.
Back to file '/opt/uvm-1.2/src/comps/uvm_comps.svh'.
Parsing included file '/opt/uvm-1.2/src/comps/uvm_agent.svh'.
Back to file '/opt/uvm-1.2/src/comps/uvm_comps.svh'.
Parsing included file '/opt/uvm-1.2/src/comps/uvm_env.svh'.
Back to file '/opt/uvm-1.2/src/comps/uvm_comps.svh'.
Parsing included file '/opt/uvm-1.2/src/comps/uvm_test.svh'.
Back to file '/opt/uvm-1.2/src/comps/uvm_comps.svh'.
Back to file '/opt/uvm-1.2/src/uvm_pkg.sv'.
Parsing included file '/opt/uvm-1.2/src/seq/uvm_seq.svh'.
Parsing included file '/opt/uvm-1.2/src/seq/uvm_sequence_item.svh'.
Back to file '/opt/uvm-1.2/src/seq/uvm_seq.svh'.
Parsing included file '/opt/uvm-1.2/src/seq/uvm_sequencer_base.svh'.
Back to file '/opt/uvm-1.2/src/seq/uvm_seq.svh'.
Parsing included file '/opt/uvm-1.2/src/seq/uvm_sequencer_analysis_fifo.svh'.
Back to file '/opt/uvm-1.2/src/seq/uvm_seq.svh'.
Parsing included file '/opt/uvm-1.2/src/seq/uvm_sequencer_param_base.svh'.
Back to file '/opt/uvm-1.2/src/seq/uvm_seq.svh'.
Parsing included file '/opt/uvm-1.2/src/seq/uvm_sequencer.svh'.
Back to file '/opt/uvm-1.2/src/seq/uvm_seq.svh'.
Parsing included file '/opt/uvm-1.2/src/seq/uvm_push_sequencer.svh'.
Back to file '/opt/uvm-1.2/src/seq/uvm_seq.svh'.
Parsing included file '/opt/uvm-1.2/src/seq/uvm_sequence_base.svh'.
Back to file '/opt/uvm-1.2/src/seq/uvm_seq.svh'.
Parsing included file '/opt/uvm-1.2/src/seq/uvm_sequence.svh'.
Back to file '/opt/uvm-1.2/src/seq/uvm_seq.svh'.
Parsing included file '/opt/uvm-1.2/src/seq/uvm_sequence_library.svh'.
Back to file '/opt/uvm-1.2/src/seq/uvm_seq.svh'.
Parsing included file '/opt/uvm-1.2/src/seq/uvm_sequence_builtin.svh'.
Back to file '/opt/uvm-1.2/src/seq/uvm_seq.svh'.
Back to file '/opt/uvm-1.2/src/uvm_pkg.sv'.
Parsing included file '/opt/uvm-1.2/src/tlm2/uvm_tlm2.svh'.
Parsing included file '/opt/uvm-1.2/src/tlm2/uvm_tlm2_defines.svh'.
Back to file '/opt/uvm-1.2/src/tlm2/uvm_tlm2.svh'.
Parsing included file '/opt/uvm-1.2/src/tlm2/uvm_tlm2_time.svh'.
Back to file '/opt/uvm-1.2/src/tlm2/uvm_tlm2.svh'.
Parsing included file '/opt/uvm-1.2/src/tlm2/uvm_tlm2_generic_payload.svh'.
Back to file '/opt/uvm-1.2/src/tlm2/uvm_tlm2.svh'.
Parsing included file '/opt/uvm-1.2/src/tlm2/uvm_tlm2_ifs.svh'.
Back to file '/opt/uvm-1.2/src/tlm2/uvm_tlm2.svh'.
Parsing included file '/opt/uvm-1.2/src/tlm2/uvm_tlm2_imps.svh'.
Back to file '/opt/uvm-1.2/src/tlm2/uvm_tlm2.svh'.
Parsing included file '/opt/uvm-1.2/src/tlm2/uvm_tlm2_ports.svh'.
Back to file '/opt/uvm-1.2/src/tlm2/uvm_tlm2.svh'.
Parsing included file '/opt/uvm-1.2/src/tlm2/uvm_tlm2_exports.svh'.
Back to file '/opt/uvm-1.2/src/tlm2/uvm_tlm2.svh'.
Parsing included file '/opt/uvm-1.2/src/tlm2/uvm_tlm2_sockets_base.svh'.
Back to file '/opt/uvm-1.2/src/tlm2/uvm_tlm2.svh'.
Parsing included file '/opt/uvm-1.2/src/tlm2/uvm_tlm2_sockets.svh'.
Back to file '/opt/uvm-1.2/src/tlm2/uvm_tlm2.svh'.
Back to file '/opt/uvm-1.2/src/uvm_pkg.sv'.
Parsing included file '/opt/uvm-1.2/src/reg/uvm_reg_model.svh'.
Parsing included file '/opt/uvm-1.2/src/reg/uvm_reg_item.svh'.
Back to file '/opt/uvm-1.2/src/reg/uvm_reg_model.svh'.
Parsing included file '/opt/uvm-1.2/src/reg/uvm_reg_adapter.svh'.
Back to file '/opt/uvm-1.2/src/reg/uvm_reg_model.svh'.
Parsing included file '/opt/uvm-1.2/src/reg/uvm_reg_predictor.svh'.
Back to file '/opt/uvm-1.2/src/reg/uvm_reg_model.svh'.
Parsing included file '/opt/uvm-1.2/src/reg/uvm_reg_sequence.svh'.
Back to file '/opt/uvm-1.2/src/reg/uvm_reg_model.svh'.
Parsing included file '/opt/uvm-1.2/src/reg/uvm_reg_cbs.svh'.
Back to file '/opt/uvm-1.2/src/reg/uvm_reg_model.svh'.
Parsing included file '/opt/uvm-1.2/src/reg/uvm_reg_backdoor.svh'.
Back to file '/opt/uvm-1.2/src/reg/uvm_reg_model.svh'.
Parsing included file '/opt/uvm-1.2/src/reg/uvm_reg_field.svh'.
Back to file '/opt/uvm-1.2/src/reg/uvm_reg_model.svh'.
Parsing included file '/opt/uvm-1.2/src/reg/uvm_vreg_field.svh'.
Back to file '/opt/uvm-1.2/src/reg/uvm_reg_model.svh'.
Parsing included file '/opt/uvm-1.2/src/reg/uvm_reg.svh'.
Back to file '/opt/uvm-1.2/src/reg/uvm_reg_model.svh'.
Parsing included file '/opt/uvm-1.2/src/reg/uvm_reg_indirect.svh'.
Back to file '/opt/uvm-1.2/src/reg/uvm_reg_model.svh'.
Parsing included file '/opt/uvm-1.2/src/reg/uvm_reg_fifo.svh'.
Back to file '/opt/uvm-1.2/src/reg/uvm_reg_model.svh'.
Parsing included file '/opt/uvm-1.2/src/reg/uvm_reg_file.svh'.
Back to file '/opt/uvm-1.2/src/reg/uvm_reg_model.svh'.
Parsing included file '/opt/uvm-1.2/src/reg/uvm_mem_mam.svh'.
Back to file '/opt/uvm-1.2/src/reg/uvm_reg_model.svh'.
Parsing included file '/opt/uvm-1.2/src/reg/uvm_vreg.svh'.
Back to file '/opt/uvm-1.2/src/reg/uvm_reg_model.svh'.
Parsing included file '/opt/uvm-1.2/src/reg/uvm_mem.svh'.
Back to file '/opt/uvm-1.2/src/reg/uvm_reg_model.svh'.
Parsing included file '/opt/uvm-1.2/src/reg/uvm_reg_map.svh'.
Back to file '/opt/uvm-1.2/src/reg/uvm_reg_model.svh'.
Parsing included file '/opt/uvm-1.2/src/reg/uvm_reg_block.svh'.
Back to file '/opt/uvm-1.2/src/reg/uvm_reg_model.svh'.
Parsing included file '/opt/uvm-1.2/src/reg/sequences/uvm_reg_hw_reset_seq.svh'.
Back to file '/opt/uvm-1.2/src/reg/uvm_reg_model.svh'.
Parsing included file '/opt/uvm-1.2/src/reg/sequences/uvm_reg_bit_bash_seq.svh'.
Back to file '/opt/uvm-1.2/src/reg/uvm_reg_model.svh'.
Parsing included file '/opt/uvm-1.2/src/reg/sequences/uvm_mem_walk_seq.svh'.
Back to file '/opt/uvm-1.2/src/reg/uvm_reg_model.svh'.
Parsing included file '/opt/uvm-1.2/src/reg/sequences/uvm_mem_access_seq.svh'.
Back to file '/opt/uvm-1.2/src/reg/uvm_reg_model.svh'.
Parsing included file '/opt/uvm-1.2/src/reg/sequences/uvm_reg_access_seq.svh'.
Back to file '/opt/uvm-1.2/src/reg/uvm_reg_model.svh'.
Parsing included file '/opt/uvm-1.2/src/reg/sequences/uvm_reg_mem_shared_access_seq.svh'.
Back to file '/opt/uvm-1.2/src/reg/uvm_reg_model.svh'.
Parsing included file '/opt/uvm-1.2/src/reg/sequences/uvm_reg_mem_built_in_seq.svh'.
Back to file '/opt/uvm-1.2/src/reg/uvm_reg_model.svh'.
Parsing included file '/opt/uvm-1.2/src/reg/sequences/uvm_reg_mem_hdl_paths_seq.svh'.
Back to file '/opt/uvm-1.2/src/reg/uvm_reg_model.svh'.
Back to file '/opt/uvm-1.2/src/uvm_pkg.sv'.
Back to file '/opt/uvm-1.2/src/uvm.sv'.
Parsing design file '../dut/cmsdk_apb_timer.v'
Parsing design file '../tb/apb_if.sv'
Parsing design file '../tb/timer_if.sv'
Parsing design file '../tb/env/apb_vip/apb_trans.sv'
Parsing included file '/opt/uvm-1.2/src/uvm_macros.svh'.
Back to file '../tb/env/apb_vip/apb_trans.sv'.
Parsing design file '../tb/env/apb_vip/apb_cfg.sv'
Parsing design file '../tb/env/apb_vip/apb_drv.sv'
Parsing design file '../tb/env/apb_vip/apb_mon.sv'
Parsing design file '../tb/env/apb_vip/apb_sqr.sv'
Parsing design file '../tb/env/apb_vip/apb_agt.sv'
Parsing design file '../tb/env/apb_vip/apb_seq.sv'
Parsing design file '../tb/env/timer_vip/timer_trans.sv'
Parsing design file '../tb/env/timer_vip/timer_drv.sv'
Parsing design file '../tb/env/timer_vip/timer_mon.sv'
Parsing design file '../tb/env/timer_vip/timer_sqr.sv'
Parsing design file '../tb/env/timer_vip/timer_agt.sv'
Parsing design file '../tb/env/timer_vip/timer_seq.sv'
Parsing design file '../tb/env/scb.sv'
Parsing design file '../tb/env/vsqr.sv'
Parsing design file '../tb/env/env.sv'
Parsing design file '../tc/base_test.sv'
Parsing design file '../tc/vseq.sv'
Parsing design file '../tc/apb_rd_test.sv'
Parsing design file '../tc/apb_wr_test.sv'
Parsing design file '../tc/timer_wr_extin0_test.sv'
Parsing design file '../tc/timer_wr_extin1_test.sv'
Parsing design file '../tb/tb.sv'
Top Level Modules:
       tb
TimeScale is 1 ns / 1 ns

Lint-[TFIPC-L] Too few instance port connections
../tb/tb.sv, 23
"cmsdk_apb_timer dut();"
  The above instance has fewer port connections than the module definition,
  all ports are not connected.


Warning-[MATN] More arguments than needed
../tb/env/apb_vip/apb_trans.sv, 32
"this.pslverr"
  More arguments than format specifiers in format string. Expecting 6 only.


Warning-[MATN] More arguments than needed
../tb/env/apb_vip/apb_trans.sv, 38
"this.pslverr"
  More arguments than format specifiers in format string. Expecting 6 only.

Starting vcs inline pass...
6 unique modules to generate
recompiling package vcs_paramclassrepository
recompiling package _vcs_DPI_package
recompiling package uvm_pkg
recompiling module apb_if
recompiling module timer_if
recompiling module tb
All of 6 modules done
make[1]: Entering directory '/home/host/app_download/work/github_carl7yan/bt_timer/sim/csrc' \

rm -f _csrc*.so pre_vcsobj_*.so share_vcsobj_*.so
g++ -w  -pipe -fPIC -DVCS -O -I/opt/synopsys/vcs/include    -c /opt/uvm-1.2/src/dpi/uvm_dpi.cc \

if [ -x ../simv ]; then chmod -x ../simv; fi
g++  -o ../simv   -Wl,-rpath-link=./ -Wl,-rpath='$ORIGIN'/simv.daidir/ -Wl,-rpath=./simv.daidir/ \
-Wl,-rpath='$ORIGIN'/simv.daidir//scsim.db.dir  -rdynamic  uvm_dpi.o   objs/amcQw_d.o \
_31460_archive_1.so  SIM_l.o      rmapats_mop.o rmapats.o rmar.o rmar_nd.o  rmar_llvm_0_1.o \
rmar_llvm_0_0.o          /opt/synopsys/vcs/linux64/lib/libzerosoft_rt_stubs.so /opt/synopsys/vcs/linux64/lib/libvirsim.so \
/opt/synopsys/vcs/linux64/lib/liberrorinf.so /opt/synopsys/vcs/linux64/lib/libsnpsmalloc.so \
/opt/synopsys/verdi/share/PLI/VCS/LINUX64/pli.a    /opt/synopsys/vcs/linux64/lib/libvcsnew.so \
/opt/synopsys/vcs/linux64/lib/libsimprofile.so /opt/synopsys/vcs/linux64/lib/libuclinative.so \
/opt/synopsys/vcs/linux64/lib/vcs_tls.o   -Wl,-whole-archive /opt/synopsys/vcs/linux64/lib/libvcsucli.so \
-Wl,-no-whole-archive       ./../simv.daidir/vc_hdrs.o  _vcs_pli_stub_.o   /opt/synopsys/vcs/linux64/lib/vcs_save_restore_new.o \
/opt/synopsys/verdi/share/PLI/VCS/LINUX64/pli.a -ldl -lm  -lc -lpthread -ldl 
../simv up to date
make[1]: Leaving directory '/home/host/app_download/work/github_carl7yan/bt_timer/sim/csrc' \

CPU time: 10.837 seconds to compile + .422 seconds to elab + .790 seconds to link
